# JRE version: OpenJDK Runtime Environment GraalVM CE 22.3.0 (17.0.5+8) (build 17.0.5+8-jvmci-22.3-b08)
# Java VM: OpenJDK 64-Bit Server VM GraalVM CE 22.3.0 (17.0.5+8-jvmci-22.3-b08, mixed mode, sharing, tiered, jvmci, jvmci compiler, compressed oops, compressed class ptrs, parallel gc, linux-amd64)
GC Precious Log:
 CPUs: 8 total, 1 available
 Memory: 1024M
 Large Page Support: Disabled
 NUMA Support: Disabled
 Compressed Oops: Enabled (32-bit)
 Alignments: Space 512K, Generation 512K, Heap 2M
 Heap Min Capacity: 100M
 Heap Initial Capacity: 100M
 Heap Max Capacity: 512M
 Pre-touch: Disabled
 Parallel Workers: 1
Heap:
 PSYoungGen      total 22016K, used 16384K [0x00000000f5580000, 0x00000000f7f80000, 0x0000000100000000)
  eden space 16384K, 100% used [0x00000000f5580000,0x00000000f6580000,0x00000000f6580000)
  from space 5632K, 0% used [0x00000000f6580000,0x00000000f6580000,0x00000000f6b00000)
  to   space 12288K, 0% used [0x00000000f7380000,0x00000000f7380000,0x00000000f7f80000)
 ParOldGen       total 349696K, used 349695K [0x00000000e0000000, 0x00000000f5580000, 0x00000000f5580000)
  object space 349696K, 99% used [0x00000000e0000000,0x00000000f557fe88,0x00000000f5580000)
 Metaspace       used 57933K, committed 58752K, reserved 1105920K
  class space    used 5675K, committed 6016K, reserved 1048576K
GC Heap History (20 events):
Event: 746.627 GC heap before
{Heap before GC invocations=644 (full 475):
 PSYoungGen      total 22016K, used 16383K [0x00000000f5580000, 0x00000000f7f80000, 0x0000000100000000)
  eden space 16384K, 99% used [0x00000000f5580000,0x00000000f657fff0,0x00000000f6580000)
  from space 5632K, 0% used [0x00000000f6580000,0x00000000f6580000,0x00000000f6b00000)
  to   space 12288K, 0% used [0x00000000f7380000,0x00000000f7380000,0x00000000f7f80000)
 ParOldGen       total 349696K, used 349696K [0x00000000e0000000, 0x00000000f5580000, 0x00000000f5580000)
  object space 349696K, 100% used [0x00000000e0000000,0x00000000f5580000,0x00000000f5580000)
 Metaspace       used 57933K, committed 58752K, reserved 1105920K
  class space    used 5675K, committed 6016K, reserved 1048576K
}
Event: 748.255 GC heap after
{Heap after GC invocations=644 (full 475):
 PSYoungGen      total 28672K, used 16383K [0x00000000f5580000, 0x00000000f7f80000, 0x0000000100000000)
  eden space 16384K, 99% used [0x00000000f5580000,0x00000000f657fff0,0x00000000f6580000)
  from space 12288K, 0% used [0x00000000f7380000,0x00000000f7380000,0x00000000f7f80000)
  to   space 5632K, 0% used [0x00000000f6580000,0x00000000f6580000,0x00000000f6b00000)
 ParOldGen       total 349696K, used 349694K [0x00000000e0000000, 0x00000000f5580000, 0x00000000f5580000)
  object space 349696K, 99% used [0x00000000e0000000,0x00000000f557fa60,0x00000000f5580000)
 Metaspace       used 57933K, committed 58752K, reserved 1105920K
  class space    used 5675K, committed 6016K, reserved 1048576K
}
Event: 748.259 GC heap before
{Heap before GC invocations=645 (full 476):
 PSYoungGen      total 28672K, used 16383K [0x00000000f5580000, 0x00000000f7f80000, 0x0000000100000000)
  eden space 16384K, 99% used [0x00000000f5580000,0x00000000f657fff0,0x00000000f6580000)
  from space 12288K, 0% used [0x00000000f7380000,0x00000000f7380000,0x00000000f7f80000)
  to   space 5632K, 0% used [0x00000000f6580000,0x00000000f6580000,0x00000000f6b00000)
 ParOldGen       total 349696K, used 349695K [0x00000000e0000000, 0x00000000f5580000, 0x00000000f5580000)
  object space 349696K, 99% used [0x00000000e0000000,0x00000000f557fd30,0x00000000f5580000)
 Metaspace       used 57933K, committed 58752K, reserved 1105920K
  class space    used 5675K, committed 6016K, reserved 1048576K
}
Event: 749.982 GC heap after
{Heap after GC invocations=645 (full 476):
 PSYoungGen      total 22016K, used 16383K [0x00000000f5580000, 0x00000000f7f80000, 0x0000000100000000)
  eden space 16384K, 99% used [0x00000000f5580000,0x00000000f657fff0,0x00000000f6580000)
  from space 5632K, 0% used [0x00000000f6580000,0x00000000f6580000,0x00000000f6b00000)
  to   space 12288K, 0% used [0x00000000f7380000,0x00000000f7380000,0x00000000f7f80000)
 ParOldGen       total 349696K, used 349695K [0x00000000e0000000, 0x00000000f5580000, 0x00000000f5580000)
  object space 349696K, 99% used [0x00000000e0000000,0x00000000f557fc60,0x00000000f5580000)
 Metaspace       used 57933K, committed 58752K, reserved 1105920K
  class space    used 5675K, committed 6016K, reserved 1048576K
}
Event: 749.983 GC heap before
{Heap before GC invocations=646 (full 477):
 PSYoungGen      total 22016K, used 16383K [0x00000000f5580000, 0x00000000f7f80000, 0x0000000100000000)
  eden space 16384K, 99% used [0x00000000f5580000,0x00000000f657fff0,0x00000000f6580000)
  from space 5632K, 0% used [0x00000000f6580000,0x00000000f6580000,0x00000000f6b00000)
  to   space 12288K, 0% used [0x00000000f7380000,0x00000000f7380000,0x00000000f7f80000)
 ParOldGen       total 349696K, used 349695K [0x00000000e0000000, 0x00000000f5580000, 0x00000000f5580000)
  object space 349696K, 99% used [0x00000000e0000000,0x00000000f557ff30,0x00000000f5580000)
 Metaspace       used 57933K, committed 58752K, reserved 1105920K
  class space    used 5675K, committed 6016K, reserved 1048576K
}
Event: 751.489 GC heap after
{Heap after GC invocations=646 (full 477):
 PSYoungGen      total 28672K, used 16383K [0x00000000f5580000, 0x00000000f7f80000, 0x0000000100000000)
  eden space 16384K, 99% used [0x00000000f5580000,0x00000000f657fff0,0x00000000f6580000)
  from space 12288K, 0% used [0x00000000f7380000,0x00000000f7380000,0x00000000f7f80000)
  to   space 5632K, 0% used [0x00000000f6580000,0x00000000f6580000,0x00000000f6b00000)
 ParOldGen       total 349696K, used 349695K [0x00000000e0000000, 0x00000000f5580000, 0x00000000f5580000)
  object space 349696K, 99% used [0x00000000e0000000,0x00000000f557fcc0,0x00000000f5580000)
 Metaspace       used 57933K, committed 58752K, reserved 1105920K
  class space    used 5675K, committed 6016K, reserved 1048576K
}
Event: 751.498 GC heap before
{Heap before GC invocations=647 (full 478):
 PSYoungGen      total 28672K, used 16383K [0x00000000f5580000, 0x00000000f7f80000, 0x0000000100000000)
  eden space 16384K, 99% used [0x00000000f5580000,0x00000000f657fff0,0x00000000f6580000)
  from space 12288K, 0% used [0x00000000f7380000,0x00000000f7380000,0x00000000f7f80000)
  to   space 5632K, 0% used [0x00000000f6580000,0x00000000f6580000,0x00000000f6b00000)
 ParOldGen       total 349696K, used 349695K [0x00000000e0000000, 0x00000000f5580000, 0x00000000f5580000)
  object space 349696K, 99% used [0x00000000e0000000,0x00000000f557fff0,0x00000000f5580000)
 Metaspace       used 57933K, committed 58752K, reserved 1105920K
  class space    used 5675K, committed 6016K, reserved 1048576K
}
Event: 752.939 GC heap after
{Heap after GC invocations=647 (full 478):
 PSYoungGen      total 22016K, used 16383K [0x00000000f5580000, 0x00000000f7f80000, 0x0000000100000000)
  eden space 16384K, 99% used [0x00000000f5580000,0x00000000f657ffd0,0x00000000f6580000)
  from space 5632K, 0% used [0x00000000f6580000,0x00000000f6580000,0x00000000f6b00000)
  to   space 12288K, 0% used [0x00000000f7380000,0x00000000f7380000,0x00000000f7f80000)
 ParOldGen       total 349696K, used 349694K [0x00000000e0000000, 0x00000000f5580000, 0x00000000f5580000)
  object space 349696K, 99% used [0x00000000e0000000,0x00000000f557fa48,0x00000000f5580000)
 Metaspace       used 57933K, committed 58752K, reserved 1105920K
  class space    used 5675K, committed 6016K, reserved 1048576K
}
Event: 752.939 GC heap before
{Heap before GC invocations=648 (full 479):
 PSYoungGen      total 22016K, used 16383K [0x00000000f5580000, 0x00000000f7f80000, 0x0000000100000000)
  eden space 16384K, 99% used [0x00000000f5580000,0x00000000f657ffe8,0x00000000f6580000)
  from space 5632K, 0% used [0x00000000f6580000,0x00000000f6580000,0x00000000f6b00000)
  to   space 12288K, 0% used [0x00000000f7380000,0x00000000f7380000,0x00000000f7f80000)
 ParOldGen       total 349696K, used 349694K [0x00000000e0000000, 0x00000000f5580000, 0x00000000f5580000)
  object space 349696K, 99% used [0x00000000e0000000,0x00000000f557fa48,0x00000000f5580000)
 Metaspace       used 57933K, committed 58752K, reserved 1105920K
  class space    used 5675K, committed 6016K, reserved 1048576K
}
Event: 754.481 GC heap after
{Heap after GC invocations=648 (full 479):
 PSYoungGen      total 28672K, used 16383K [0x00000000f5580000, 0x00000000f7f80000, 0x0000000100000000)
  eden space 16384K, 99% used [0x00000000f5580000,0x00000000f657ffe8,0x00000000f6580000)
  from space 12288K, 0% used [0x00000000f7380000,0x00000000f7380000,0x00000000f7f80000)
  to   space 5632K, 0% used [0x00000000f6580000,0x00000000f6580000,0x00000000f6b00000)
 ParOldGen       total 349696K, used 349694K [0x00000000e0000000, 0x00000000f5580000, 0x00000000f5580000)
  object space 349696K, 99% used [0x00000000e0000000,0x00000000f557fa48,0x00000000f5580000)
 Metaspace       used 57933K, committed 58752K, reserved 1105920K
  class space    used 5675K, committed 6016K, reserved 1048576K
}
Event: 754.486 GC heap before
{Heap before GC invocations=649 (full 480):
 PSYoungGen      total 28672K, used 16384K [0x00000000f5580000, 0x00000000f7f80000, 0x0000000100000000)
  eden space 16384K, 100% used [0x00000000f5580000,0x00000000f6580000,0x00000000f6580000)
  from space 12288K, 0% used [0x00000000f7380000,0x00000000f7380000,0x00000000f7f80000)
  to   space 5632K, 0% used [0x00000000f6580000,0x00000000f6580000,0x00000000f6b00000)
 ParOldGen       total 349696K, used 349695K [0x00000000e0000000, 0x00000000f5580000, 0x00000000f5580000)
  object space 349696K, 99% used [0x00000000e0000000,0x00000000f557fe30,0x00000000f5580000)
 Metaspace       used 57933K, committed 58752K, reserved 1105920K
  class space    used 5675K, committed 6016K, reserved 1048576K
}
Event: 756.075 GC heap after
{Heap after GC invocations=649 (full 480):
 PSYoungGen      total 22016K, used 16383K [0x00000000f5580000, 0x00000000f7f80000, 0x0000000100000000)
  eden space 16384K, 99% used [0x00000000f5580000,0x00000000f657ffe8,0x00000000f6580000)
  from space 5632K, 0% used [0x00000000f6580000,0x00000000f6580000,0x00000000f6b00000)
  to   space 12288K, 0% used [0x00000000f7380000,0x00000000f7380000,0x00000000f7f80000)
 ParOldGen       total 349696K, used 349695K [0x00000000e0000000, 0x00000000f5580000, 0x00000000f5580000)
  object space 349696K, 99% used [0x00000000e0000000,0x00000000f557fdf0,0x00000000f5580000)
 Metaspace       used 57933K, committed 58752K, reserved 1105920K
  class space    used 5675K, committed 6016K, reserved 1048576K
}
Event: 756.075 GC heap before
{Heap before GC invocations=650 (full 481):
 PSYoungGen      total 22016K, used 16383K [0x00000000f5580000, 0x00000000f7f80000, 0x0000000100000000)
  eden space 16384K, 99% used [0x00000000f5580000,0x00000000f657ffe8,0x00000000f6580000)
  from space 5632K, 0% used [0x00000000f6580000,0x00000000f6580000,0x00000000f6b00000)
  to   space 12288K, 0% used [0x00000000f7380000,0x00000000f7380000,0x00000000f7f80000)
 ParOldGen       total 349696K, used 349695K [0x00000000e0000000, 0x00000000f5580000, 0x00000000f5580000)
  object space 349696K, 99% used [0x00000000e0000000,0x00000000f557fdf0,0x00000000f5580000)
 Metaspace       used 57933K, committed 58752K, reserved 1105920K
  class space    used 5675K, committed 6016K, reserved 1048576K
}
Event: 757.892 GC heap after
{Heap after GC invocations=650 (full 481):
 PSYoungGen      total 28672K, used 16383K [0x00000000f5580000, 0x00000000f7f80000, 0x0000000100000000)
  eden space 16384K, 99% used [0x00000000f5580000,0x00000000f657ffe8,0x00000000f6580000)
  from space 12288K, 0% used [0x00000000f7380000,0x00000000f7380000,0x00000000f7f80000)
  to   space 5632K, 0% used [0x00000000f6580000,0x00000000f6580000,0x00000000f6b00000)
 ParOldGen       total 349696K, used 349695K [0x00000000e0000000, 0x00000000f5580000, 0x00000000f5580000)
  object space 349696K, 99% used [0x00000000e0000000,0x00000000f557fdf0,0x00000000f5580000)
 Metaspace       used 57933K, committed 58752K, reserved 1105920K
  class space    used 5675K, committed 6016K, reserved 1048576K
}
Event: 757.892 GC heap before
{Heap before GC invocations=651 (full 482):
 PSYoungGen      total 28672K, used 16383K [0x00000000f5580000, 0x00000000f7f80000, 0x0000000100000000)
  eden space 16384K, 99% used [0x00000000f5580000,0x00000000f657ffe8,0x00000000f6580000)
  from space 12288K, 0% used [0x00000000f7380000,0x00000000f7380000,0x00000000f7f80000)
  to   space 5632K, 0% used [0x00000000f6580000,0x00000000f6580000,0x00000000f6b00000)
 ParOldGen       total 349696K, used 349695K [0x00000000e0000000, 0x00000000f5580000, 0x00000000f5580000)
  object space 349696K, 99% used [0x00000000e0000000,0x00000000f557fdf0,0x00000000f5580000)
 Metaspace       used 57933K, committed 58752K, reserved 1105920K
  class space    used 5675K, committed 6016K, reserved 1048576K
}
Event: 759.566 GC heap after
{Heap after GC invocations=651 (full 482):
 PSYoungGen      total 22016K, used 16383K [0x00000000f5580000, 0x00000000f7f80000, 0x0000000100000000)
  eden space 16384K, 99% used [0x00000000f5580000,0x00000000f657ffe8,0x00000000f6580000)
  from space 5632K, 0% used [0x00000000f6580000,0x00000000f6580000,0x00000000f6b00000)
  to   space 12288K, 0% used [0x00000000f7380000,0x00000000f7380000,0x00000000f7f80000)
 ParOldGen       total 349696K, used 349694K [0x00000000e0000000, 0x00000000f5580000, 0x00000000f5580000)
  object space 349696K, 99% used [0x00000000e0000000,0x00000000f557f850,0x00000000f5580000)
 Metaspace       used 57933K, committed 58752K, reserved 1105920K
  class space    used 5675K, committed 6016K, reserved 1048576K
}
Event: 759.568 GC heap before
{Heap before GC invocations=652 (full 483):
 PSYoungGen      total 22016K, used 16384K [0x00000000f5580000, 0x00000000f7f80000, 0x0000000100000000)
  eden space 16384K, 100% used [0x00000000f5580000,0x00000000f6580000,0x00000000f6580000)
  from space 5632K, 0% used [0x00000000f6580000,0x00000000f6580000,0x00000000f6b00000)
  to   space 12288K, 0% used [0x00000000f7380000,0x00000000f7380000,0x00000000f7f80000)
 ParOldGen       total 349696K, used 349695K [0x00000000e0000000, 0x00000000f5580000, 0x00000000f5580000)
  object space 349696K, 99% used [0x00000000e0000000,0x00000000f557fc40,0x00000000f5580000)
 Metaspace       used 57933K, committed 58752K, reserved 1105920K
  class space    used 5675K, committed 6016K, reserved 1048576K
}
Event: 761.444 GC heap after
{Heap after GC invocations=652 (full 483):
 PSYoungGen      total 28672K, used 16384K [0x00000000f5580000, 0x00000000f7f80000, 0x0000000100000000)
  eden space 16384K, 100% used [0x00000000f5580000,0x00000000f6580000,0x00000000f6580000)
  from space 12288K, 0% used [0x00000000f7380000,0x00000000f7380000,0x00000000f7f80000)
  to   space 5632K, 0% used [0x00000000f6580000,0x00000000f6580000,0x00000000f6b00000)
 ParOldGen       total 349696K, used 349694K [0x00000000e0000000, 0x00000000f5580000, 0x00000000f5580000)
  object space 349696K, 99% used [0x00000000e0000000,0x00000000f557fad8,0x00000000f5580000)
 Metaspace       used 57933K, committed 58752K, reserved 1105920K
  class space    used 5675K, committed 6016K, reserved 1048576K
}
Event: 761.444 GC heap before
{Heap before GC invocations=653 (full 484):
 PSYoungGen      total 28672K, used 16384K [0x00000000f5580000, 0x00000000f7f80000, 0x0000000100000000)
  eden space 16384K, 100% used [0x00000000f5580000,0x00000000f6580000,0x00000000f6580000)
  from space 12288K, 0% used [0x00000000f7380000,0x00000000f7380000,0x00000000f7f80000)
  to   space 5632K, 0% used [0x00000000f6580000,0x00000000f6580000,0x00000000f6b00000)
 ParOldGen       total 349696K, used 349694K [0x00000000e0000000, 0x00000000f5580000, 0x00000000f5580000)
  object space 349696K, 99% used [0x00000000e0000000,0x00000000f557fad8,0x00000000f5580000)
 Metaspace       used 57933K, committed 58752K, reserved 1105920K
  class space    used 5675K, committed 6016K, reserved 1048576K
}
Event: 763.060 GC heap after
{Heap after GC invocations=653 (full 484):
 PSYoungGen      total 22016K, used 16384K [0x00000000f5580000, 0x00000000f7f80000, 0x0000000100000000)
  eden space 16384K, 100% used [0x00000000f5580000,0x00000000f6580000,0x00000000f6580000)
  from space 5632K, 0% used [0x00000000f6580000,0x00000000f6580000,0x00000000f6b00000)
  to   space 12288K, 0% used [0x00000000f7380000,0x00000000f7380000,0x00000000f7f80000)
 ParOldGen       total 349696K, used 349694K [0x00000000e0000000, 0x00000000f5580000, 0x00000000f5580000)
  object space 349696K, 99% used [0x00000000e0000000,0x00000000f557fad8,0x00000000f5580000)
 Metaspace       used 57933K, committed 58752K, reserved 1105920K
  class space    used 5675K, committed 6016K, reserved 1048576K
}

